2021-04-22 13:42:48,679 INFO o.a.j.u.JMeterUtils: Setting Locale to en_US
2021-04-22 13:42:48,708 INFO o.a.j.JMeter: Loading user properties from: user.properties
2021-04-22 13:42:48,708 INFO o.a.j.JMeter: Loading system properties from: system.properties
2021-04-22 13:42:48,710 INFO o.a.j.JMeter: Copyright (c) 1998-2020 The Apache Software Foundation
2021-04-22 13:42:48,710 INFO o.a.j.JMeter: Version 5.3
2021-04-22 13:42:48,710 INFO o.a.j.JMeter: java.version=14.0.1
2021-04-22 13:42:48,710 INFO o.a.j.JMeter: java.vm.name=Java HotSpot(TM) 64-Bit Server VM
2021-04-22 13:42:48,710 INFO o.a.j.JMeter: os.name=Windows 10
2021-04-22 13:42:48,710 INFO o.a.j.JMeter: os.arch=amd64
2021-04-22 13:42:48,710 INFO o.a.j.JMeter: os.version=10.0
2021-04-22 13:42:48,710 INFO o.a.j.JMeter: file.encoding=Cp1252
2021-04-22 13:42:48,710 INFO o.a.j.JMeter: java.awt.headless=null
2021-04-22 13:42:48,710 INFO o.a.j.JMeter: Max memory     =4263510016
2021-04-22 13:42:48,710 INFO o.a.j.JMeter: Available Processors =12
2021-04-22 13:42:48,720 INFO o.a.j.JMeter: Default Locale=English (United States)
2021-04-22 13:42:48,720 INFO o.a.j.JMeter: JMeter  Locale=English (United States)
2021-04-22 13:42:48,720 INFO o.a.j.JMeter: JMeterHome=D:\apache-jmeter-5.3
2021-04-22 13:42:48,720 INFO o.a.j.JMeter: user.dir  =D:\apache-jmeter-5.3\bin
2021-04-22 13:42:48,721 INFO o.a.j.JMeter: PWD       =D:\apache-jmeter-5.3\bin
2021-04-22 13:42:48,721 INFO o.a.j.JMeter: IP: 10.1.127.175 Name: DESKTOP-3HP5LFB FullName: DESKTOP-3HP5LFB
2021-04-22 13:42:48,878 INFO o.a.j.JMeter: Setting LAF to: laf:javax.swing.plaf.metal.MetalLookAndFeel
2021-04-22 13:42:49,206 INFO o.a.j.JMeter: Loaded icon properties from org/apache/jmeter/images/icon.properties
2021-04-22 13:42:50,856 INFO o.j.r.JARSourceHTTP: Found cached repo
2021-04-22 13:42:51,000 INFO o.j.r.PluginManager: Plugins Status: [bzm-http2=1.6.1, jpgc-csl=0.1, jpgc-casutg=2.9, jpgc-perfmon=2.1, jpgc-plugins-manager=1.6, jpgc-webdriver=3.3, websocket-samplers=1.2.8, jmeter-core=5.3, jmeter-ftp=5.3, jmeter-http=5.3, jmeter-jdbc=5.3, jmeter-jms=5.3, jmeter-junit=5.3, jmeter-java=5.3, jmeter-ldap=5.3, jmeter-mail=5.3, jmeter-mongodb=5.3, jmeter-native=5.3, jmeter-tcp=5.3, jmeter-components=5.3]
2021-04-22 13:42:51,829 INFO o.a.j.p.h.s.HTTPSamplerBase: Parser for text/html is org.apache.jmeter.protocol.http.parser.LagartoBasedHtmlParser
2021-04-22 13:42:51,829 INFO o.a.j.p.h.s.HTTPSamplerBase: Parser for application/xhtml+xml is org.apache.jmeter.protocol.http.parser.LagartoBasedHtmlParser
2021-04-22 13:42:51,830 INFO o.a.j.p.h.s.HTTPSamplerBase: Parser for application/xml is org.apache.jmeter.protocol.http.parser.LagartoBasedHtmlParser
2021-04-22 13:42:51,830 INFO o.a.j.p.h.s.HTTPSamplerBase: Parser for text/xml is org.apache.jmeter.protocol.http.parser.LagartoBasedHtmlParser
2021-04-22 13:42:51,830 INFO o.a.j.p.h.s.HTTPSamplerBase: Parser for text/vnd.wap.wml is org.apache.jmeter.protocol.http.parser.RegexpHTMLParser
2021-04-22 13:42:51,830 INFO o.a.j.p.h.s.HTTPSamplerBase: Parser for text/css is org.apache.jmeter.protocol.http.parser.CssParser
2021-04-22 13:42:51,945 WARN o.a.j.u.JMeterUtils: no icon for toolbar/19x19arrow-right-3.png
2021-04-22 13:42:51,952 INFO o.a.j.s.SampleResult: Note: Sample TimeStamps are START times
2021-04-22 13:42:51,952 INFO o.a.j.s.SampleResult: sampleresult.default.encoding is set to ISO-8859-1
2021-04-22 13:42:51,952 INFO o.a.j.s.SampleResult: sampleresult.useNanoTime=true
2021-04-22 13:42:51,952 INFO o.a.j.s.SampleResult: sampleresult.nanoThreadSleep=5000
2021-04-22 13:42:52,124 WARN o.a.j.v.ViewResultsFullVisualizer: Error loading result renderer: org.apache.jmeter.visualizers.RenderInBrowser
java.lang.NoClassDefFoundError: javafx/scene/Parent
	at java.lang.Class.forName0(Native Method) ~[?:?]
	at java.lang.Class.forName(Class.java:340) ~[?:?]
	at com.blazemeter.jmeter.http2.visualizers.ViewResultsFullVisualizer.createComboRender(ViewResultsFullVisualizer.java:396) ~[jmeter-bzm-http2-1.6.1.jar:?]
	at com.blazemeter.jmeter.http2.visualizers.ViewResultsFullVisualizer.createLeftPanel(ViewResultsFullVisualizer.java:322) ~[jmeter-bzm-http2-1.6.1.jar:?]
	at com.blazemeter.jmeter.http2.visualizers.ViewResultsFullVisualizer.init(ViewResultsFullVisualizer.java:283) ~[jmeter-bzm-http2-1.6.1.jar:?]
	at com.blazemeter.jmeter.http2.visualizers.ViewResultsFullVisualizer.<init>(ViewResultsFullVisualizer.java:118) ~[jmeter-bzm-http2-1.6.1.jar:?]
	at jdk.internal.reflect.NativeConstructorAccessorImpl.newInstance0(Native Method) ~[?:?]
	at jdk.internal.reflect.NativeConstructorAccessorImpl.newInstance(NativeConstructorAccessorImpl.java:62) ~[?:?]
	at jdk.internal.reflect.DelegatingConstructorAccessorImpl.newInstance(DelegatingConstructorAccessorImpl.java:45) ~[?:?]
	at java.lang.reflect.Constructor.newInstanceWithCaller(Constructor.java:500) ~[?:?]
	at java.lang.reflect.Constructor.newInstance(Constructor.java:481) ~[?:?]
	at org.apache.jmeter.gui.util.MenuFactory.getGUIComponent(MenuFactory.java:207) ~[ApacheJMeter_core.jar:5.3]
	at org.apache.jmeter.gui.util.MenuFactory.initializeMenus(MenuFactory.java:151) ~[ApacheJMeter_core.jar:5.3]
	at org.apache.jmeter.gui.util.MenuFactory.<clinit>(MenuFactory.java:107) ~[ApacheJMeter_core.jar:5.3]
	at org.apache.jmeter.control.gui.TestPlanGui.createPopupMenu(TestPlanGui.java:94) ~[ApacheJMeter_core.jar:5.3]
	at org.apache.jmeter.gui.tree.JMeterTreeNode.createPopupMenu(JMeterTreeNode.java:184) ~[ApacheJMeter_core.jar:5.3]
	at org.apache.jmeter.gui.action.EditCommand.doAction(EditCommand.java:46) ~[ApacheJMeter_core.jar:5.3]
	at org.apache.jmeter.gui.action.ActionRouter.performAction(ActionRouter.java:87) ~[ApacheJMeter_core.jar:5.3]
	at org.apache.jmeter.gui.action.ActionRouter.lambda$actionPerformed$0(ActionRouter.java:69) ~[ApacheJMeter_core.jar:5.3]
	at java.awt.event.InvocationEvent.dispatch(InvocationEvent.java:316) ~[?:?]
	at java.awt.EventQueue.dispatchEventImpl(EventQueue.java:770) ~[?:?]
	at java.awt.EventQueue$4.run(EventQueue.java:721) ~[?:?]
	at java.awt.EventQueue$4.run(EventQueue.java:715) ~[?:?]
	at java.security.AccessController.doPrivileged(AccessController.java:391) [?:?]
	at java.security.ProtectionDomain$JavaSecurityAccessImpl.doIntersectionPrivilege(ProtectionDomain.java:85) [?:?]
	at java.awt.EventQueue.dispatchEvent(EventQueue.java:740) [?:?]
	at java.awt.EventDispatchThread.pumpOneEventForFilters(EventDispatchThread.java:203) [?:?]
	at java.awt.EventDispatchThread.pumpEventsForFilter(EventDispatchThread.java:124) [?:?]
	at java.awt.EventDispatchThread.pumpEventsForHierarchy(EventDispatchThread.java:113) [?:?]
	at java.awt.EventDispatchThread.pumpEvents(EventDispatchThread.java:109) [?:?]
	at java.awt.EventDispatchThread.pumpEvents(EventDispatchThread.java:101) [?:?]
	at java.awt.EventDispatchThread.run(EventDispatchThread.java:90) [?:?]
Caused by: java.lang.ClassNotFoundException: javafx.scene.Parent
	at java.net.URLClassLoader.findClass(URLClassLoader.java:435) ~[?:?]
	at java.lang.ClassLoader.loadClass(ClassLoader.java:589) ~[?:?]
	at java.lang.ClassLoader.loadClass(ClassLoader.java:522) ~[?:?]
	... 32 more
2021-04-22 13:43:13,516 INFO o.a.j.s.FileServer: Default base='D:\apache-jmeter-5.3\bin'
2021-04-22 13:43:13,519 INFO o.a.j.g.a.Load: Loading file: E:\Telkom\2021\tw2\indibox\useetv\pertama.jmx
2021-04-22 13:43:13,519 INFO o.a.j.s.FileServer: Set new base='E:\Telkom\2021\tw2\indibox\useetv'
2021-04-22 13:43:13,649 INFO o.a.j.s.SaveService: Testplan (JMX) version: 2.2. Testlog (JTL) version: 2.2
2021-04-22 13:43:13,657 INFO o.a.j.s.SaveService: Using SaveService properties version 5.0
2021-04-22 13:43:13,659 INFO o.a.j.s.SaveService: Using SaveService properties file encoding UTF-8
2021-04-22 13:43:13,660 INFO o.a.j.s.SaveService: Loading file: E:\Telkom\2021\tw2\indibox\useetv\pertama.jmx
2021-04-22 13:43:13,978 INFO o.a.j.v.ViewResultsFullVisualizer: Add JavaFX to your Java installation if you want to use renderer: org.apache.jmeter.visualizers.RenderInBrowser
2021-04-22 13:43:14,039 INFO o.a.j.s.FileServer: Set new base='E:\Telkom\2021\tw2\indibox\useetv'
2021-04-22 13:43:45,274 INFO o.a.j.e.StandardJMeterEngine: Running the test!
2021-04-22 13:43:45,274 INFO o.a.j.s.SampleEvent: List of sample_variables: []
2021-04-22 13:43:45,275 INFO o.a.j.s.SampleEvent: List of sample_variables: []
2021-04-22 13:43:45,276 INFO o.a.j.e.u.CompoundVariable: Note: Function class names must contain the string: '.functions.'
2021-04-22 13:43:45,276 INFO o.a.j.e.u.CompoundVariable: Note: Function class names must not contain the string: '.gui.'
2021-04-22 13:43:45,583 INFO o.a.j.g.u.JMeterMenuBar: setRunning(true, *local*)
2021-04-22 13:43:45,630 INFO o.a.j.e.StandardJMeterEngine: Starting ThreadGroup: 1 : Thread Group
2021-04-22 13:43:45,630 INFO o.a.j.e.StandardJMeterEngine: Starting 1 threads for group Thread Group.
2021-04-22 13:43:45,630 INFO o.a.j.e.StandardJMeterEngine: Thread will continue on error
2021-04-22 13:43:45,631 INFO o.a.j.t.ThreadGroup: Starting thread group... number=1 threads=1 ramp-up=1 delayedStart=false
2021-04-22 13:43:45,634 INFO o.a.j.t.ThreadGroup: Started thread group number 1
2021-04-22 13:43:45,634 INFO o.a.j.e.StandardJMeterEngine: All thread groups have been started
2021-04-22 13:43:45,636 INFO o.a.j.t.JMeterThread: Thread started: Thread Group 1-1
2021-04-22 13:43:45,646 INFO o.a.j.p.h.s.HTTPHCAbstractImpl: Local host = DESKTOP-3HP5LFB
2021-04-22 13:43:45,658 INFO o.a.j.p.h.s.HTTPHC4Impl: HTTP request retry count = 1
2021-04-22 13:43:49,370 INFO o.a.j.g.a.Start: Stopping test
2021-04-22 13:43:49,386 INFO o.a.j.t.JMeterThread: Stopping: Thread Group 1-1
2021-04-22 13:43:49,387 WARN o.a.j.t.JMeterThread: Interrupting: Thread Group 1-1 sampler: /apigw/v5/api-gateway/google/login-2
2021-04-22 13:43:49,390 INFO o.a.j.t.JMeterThread: Thread finished: Thread Group 1-1
2021-04-22 13:43:49,392 INFO o.a.j.e.StandardJMeterEngine: Notifying test listeners of end of test
2021-04-22 13:43:49,392 INFO o.a.j.g.u.JMeterMenuBar: setRunning(false, *local*)
