2021-04-04 10:22:49,515 INFO o.a.j.u.JMeterUtils: Setting Locale to en_EN
2021-04-04 10:22:49,531 INFO o.a.j.JMeter: Loading user properties from: D:\apache-jmeter-5.3\bin\user.properties
2021-04-04 10:22:49,531 INFO o.a.j.JMeter: Loading system properties from: D:\apache-jmeter-5.3\bin\system.properties
2021-04-04 10:22:49,531 INFO o.a.j.JMeter: Copyright (c) 1998-2020 The Apache Software Foundation
2021-04-04 10:22:49,531 INFO o.a.j.JMeter: Version 5.3
2021-04-04 10:22:49,531 INFO o.a.j.JMeter: java.version=1.8.0_261
2021-04-04 10:22:49,531 INFO o.a.j.JMeter: java.vm.name=Java HotSpot(TM) Client VM
2021-04-04 10:22:49,531 INFO o.a.j.JMeter: os.name=Windows 10
2021-04-04 10:22:49,531 INFO o.a.j.JMeter: os.arch=x86
2021-04-04 10:22:49,531 INFO o.a.j.JMeter: os.version=10.0
2021-04-04 10:22:49,531 INFO o.a.j.JMeter: file.encoding=Cp1252
2021-04-04 10:22:49,531 INFO o.a.j.JMeter: java.awt.headless=null
2021-04-04 10:22:49,531 INFO o.a.j.JMeter: Max memory     =1073741824
2021-04-04 10:22:49,531 INFO o.a.j.JMeter: Available Processors =12
2021-04-04 10:22:49,531 INFO o.a.j.JMeter: Default Locale=English (EN)
2021-04-04 10:22:49,531 INFO o.a.j.JMeter: JMeter  Locale=English (EN)
2021-04-04 10:22:49,531 INFO o.a.j.JMeter: JMeterHome=D:\apache-jmeter-5.3
2021-04-04 10:22:49,531 INFO o.a.j.JMeter: user.dir  =D:\apache-jmeter-5.3
2021-04-04 10:22:49,531 INFO o.a.j.JMeter: PWD       =D:\apache-jmeter-5.3
2021-04-04 10:22:54,072 INFO o.a.j.JMeter: IP: 192.168.249.2 Name: DESKTOP-3HP5LFB FullName: DESKTOP-3HP5LFB
2021-04-04 10:22:54,177 INFO o.a.j.JMeter: Setting LAF to: laf:javax.swing.plaf.metal.MetalLookAndFeel
2021-04-04 10:22:54,473 INFO o.a.j.JMeter: Loaded icon properties from org/apache/jmeter/images/icon.properties
2021-04-04 10:22:56,281 INFO o.j.r.JARSourceHTTP: Found cached repo
2021-04-04 10:22:56,396 INFO o.j.r.PluginManager: Plugins Status: [bzm-http2=1.6.1, jpgc-csl=0.1, jpgc-casutg=2.9, jpgc-perfmon=2.1, jpgc-plugins-manager=1.6, jpgc-webdriver=3.3, websocket-samplers=1.2.8, jmeter-core=5.3, jmeter-ftp=5.3, jmeter-http=5.3, jmeter-jdbc=5.3, jmeter-jms=5.3, jmeter-junit=5.3, jmeter-java=5.3, jmeter-ldap=5.3, jmeter-mail=5.3, jmeter-mongodb=5.3, jmeter-native=5.3, jmeter-tcp=5.3, jmeter-components=5.3]
2021-04-04 10:22:56,757 INFO o.a.j.p.h.s.HTTPSamplerBase: Parser for text/html is org.apache.jmeter.protocol.http.parser.LagartoBasedHtmlParser
2021-04-04 10:22:56,757 INFO o.a.j.p.h.s.HTTPSamplerBase: Parser for application/xhtml+xml is org.apache.jmeter.protocol.http.parser.LagartoBasedHtmlParser
2021-04-04 10:22:56,757 INFO o.a.j.p.h.s.HTTPSamplerBase: Parser for application/xml is org.apache.jmeter.protocol.http.parser.LagartoBasedHtmlParser
2021-04-04 10:22:56,757 INFO o.a.j.p.h.s.HTTPSamplerBase: Parser for text/xml is org.apache.jmeter.protocol.http.parser.LagartoBasedHtmlParser
2021-04-04 10:22:56,757 INFO o.a.j.p.h.s.HTTPSamplerBase: Parser for text/vnd.wap.wml is org.apache.jmeter.protocol.http.parser.RegexpHTMLParser
2021-04-04 10:22:56,757 INFO o.a.j.p.h.s.HTTPSamplerBase: Parser for text/css is org.apache.jmeter.protocol.http.parser.CssParser
2021-04-04 10:22:56,819 WARN o.a.j.u.JMeterUtils: no icon for toolbar/19x19arrow-right-3.png
2021-04-04 10:22:56,819 INFO o.a.j.s.SampleResult: Note: Sample TimeStamps are START times
2021-04-04 10:22:56,819 INFO o.a.j.s.SampleResult: sampleresult.default.encoding is set to ISO-8859-1
2021-04-04 10:22:56,819 INFO o.a.j.s.SampleResult: sampleresult.useNanoTime=true
2021-04-04 10:22:56,819 INFO o.a.j.s.SampleResult: sampleresult.nanoThreadSleep=5000
2021-04-04 10:23:01,249 INFO o.a.j.s.FileServer: Default base='D:\apache-jmeter-5.3'
2021-04-04 10:23:01,265 INFO o.a.j.g.a.Load: Loading file: C:\Users\ronaldo\Downloads\TESTING-JMETER.jmx
2021-04-04 10:23:01,265 INFO o.a.j.s.FileServer: Set new base='C:\Users\ronaldo\Downloads'
2021-04-04 10:23:01,358 INFO o.a.j.s.SaveService: Testplan (JMX) version: 2.2. Testlog (JTL) version: 2.2
2021-04-04 10:23:01,374 INFO o.a.j.s.SaveService: Using SaveService properties file encoding UTF-8
2021-04-04 10:23:01,374 INFO o.a.j.s.SaveService: Using SaveService properties version 5.0
2021-04-04 10:23:01,374 INFO o.a.j.s.SaveService: Loading file: C:\Users\ronaldo\Downloads\TESTING-JMETER.jmx
2021-04-04 10:23:01,499 INFO o.a.j.p.h.c.CookieManager: Settings: Delete null: true Check: true Allow variable: true Save: true Prefix: COOKIE_
2021-04-04 10:23:01,499 INFO o.a.j.p.h.c.CacheManager: Will only cache the following methods: [GET]
2021-04-04 10:23:01,627 INFO o.a.j.s.FileServer: Set new base='C:\Users\ronaldo\Downloads'
2021-04-04 10:23:19,781 INFO o.a.j.e.StandardJMeterEngine: Running the test!
2021-04-04 10:23:19,781 INFO o.a.j.s.SampleEvent: List of sample_variables: []
2021-04-04 10:23:19,781 INFO o.a.j.s.SampleEvent: List of sample_variables: []
2021-04-04 10:23:19,781 INFO o.a.j.e.u.CompoundVariable: Note: Function class names must contain the string: '.functions.'
2021-04-04 10:23:19,781 INFO o.a.j.e.u.CompoundVariable: Note: Function class names must not contain the string: '.gui.'
2021-04-04 10:23:19,969 INFO o.a.j.g.u.JMeterMenuBar: setRunning(true, *local*)
2021-04-04 10:23:20,047 INFO o.a.j.e.StandardJMeterEngine: Starting ThreadGroup: 1 : Thread Group
2021-04-04 10:23:20,047 INFO o.a.j.e.StandardJMeterEngine: Starting 1 threads for group Thread Group.
2021-04-04 10:23:20,047 INFO o.a.j.e.StandardJMeterEngine: Thread will continue on error
2021-04-04 10:23:20,047 INFO o.a.j.t.ThreadGroup: Starting thread group... number=1 threads=1 ramp-up=1 delayedStart=false
2021-04-04 10:23:20,062 INFO o.a.j.t.ThreadGroup: Started thread group number 1
2021-04-04 10:23:20,062 INFO o.a.j.e.StandardJMeterEngine: All thread groups have been started
2021-04-04 10:23:20,062 INFO o.a.j.t.JMeterThread: Thread started: Thread Group 1-1
2021-04-04 10:23:20,062 INFO o.a.j.p.h.s.HTTPHCAbstractImpl: Local host = DESKTOP-3HP5LFB
2021-04-04 10:23:20,078 INFO o.a.j.p.h.s.HTTPHC4Impl: HTTP request retry count = 1
2021-04-04 10:23:20,360 INFO o.a.j.p.h.p.BaseParser: Created org.apache.jmeter.protocol.http.parser.LagartoBasedHtmlParser
2021-04-04 10:23:20,415 INFO o.a.j.p.h.s.ResourcesDownloader: Creating ResourcesDownloader with keepalive_inseconds : 60
2021-04-04 10:23:20,663 INFO o.a.j.p.h.p.BaseParser: Created org.apache.jmeter.protocol.http.parser.CssParser
2021-04-04 10:23:27,739 INFO o.a.j.p.h.s.h.LazyLayeredConnectionSocketFactory: Setting up HTTPS TrustAll Socket Factory
2021-04-04 10:23:27,740 INFO o.a.j.u.JsseSSLManager: Using default SSL protocol: TLS
2021-04-04 10:23:27,740 INFO o.a.j.u.JsseSSLManager: SSL session context: per-thread
2021-04-04 10:23:27,765 INFO o.a.j.u.SSLManager: JmeterKeyStore Location:  type JKS
2021-04-04 10:23:27,765 INFO o.a.j.u.SSLManager: KeyStore created OK
2021-04-04 10:23:27,765 WARN o.a.j.u.SSLManager: Keystore file not found, loading empty keystore
2021-04-04 10:23:33,211 INFO o.a.j.g.a.Start: Stopping test
2021-04-04 10:23:33,228 INFO o.a.j.t.JMeterThread: Stopping: Thread Group 1-1
2021-04-04 10:23:33,229 WARN o.a.j.t.JMeterThread: Interrupting: Thread Group 1-1 sampler: http://cls.maranatha.edu/fakultas/fit/s2ilkom/login/index.php
2021-04-04 10:23:33,231 INFO o.a.j.t.JMeterThread: Thread finished: Thread Group 1-1
2021-04-04 10:23:33,234 INFO o.a.j.e.StandardJMeterEngine: Notifying test listeners of end of test
2021-04-04 10:23:33,234 INFO o.a.j.g.u.JMeterMenuBar: setRunning(false, *local*)
2021-04-04 10:25:51,005 INFO o.a.j.g.a.Load: Loading file: C:\Users\ronaldo\Downloads\EcAMPUZ.jmx
2021-04-04 10:25:51,005 INFO o.a.j.s.FileServer: Set new base='C:\Users\ronaldo\Downloads'
2021-04-04 10:25:51,005 INFO o.a.j.s.SaveService: Loading file: C:\Users\ronaldo\Downloads\EcAMPUZ.jmx
2021-04-04 10:25:51,119 INFO o.a.j.s.FileServer: Set new base='C:\Users\ronaldo\Downloads'
2021-04-04 10:25:58,931 INFO o.a.j.e.StandardJMeterEngine: Running the test!
2021-04-04 10:25:58,931 INFO o.a.j.s.SampleEvent: List of sample_variables: []
2021-04-04 10:25:58,931 INFO o.a.j.g.u.JMeterMenuBar: setRunning(true, *local*)
2021-04-04 10:25:59,026 INFO o.a.j.e.StandardJMeterEngine: Starting ThreadGroup: 1 : Thread Group
2021-04-04 10:25:59,026 INFO o.a.j.e.StandardJMeterEngine: Starting 1 threads for group Thread Group.
2021-04-04 10:25:59,026 INFO o.a.j.e.StandardJMeterEngine: Thread will continue on error
2021-04-04 10:25:59,026 INFO o.a.j.t.ThreadGroup: Starting thread group... number=1 threads=1 ramp-up=1 delayedStart=false
2021-04-04 10:25:59,026 INFO o.a.j.t.ThreadGroup: Started thread group number 1
2021-04-04 10:25:59,026 INFO o.a.j.e.StandardJMeterEngine: All thread groups have been started
2021-04-04 10:25:59,026 INFO o.a.j.t.JMeterThread: Thread started: Thread Group 1-1
2021-04-04 10:28:01,402 INFO o.a.j.g.a.Start: Stopping test
2021-04-04 10:28:01,412 INFO o.a.j.t.JMeterThread: Stopping: Thread Group 1-1
2021-04-04 10:28:01,412 WARN o.a.j.t.JMeterThread: Interrupting: Thread Group 1-1 sampler: https://telkom.ecampuz.com/gtregistrasi
2021-04-04 10:28:01,412 WARN o.a.j.t.JMeterThread: No operation pending
2021-04-04 10:28:01,413 WARN o.a.j.p.h.s.HTTPSamplerBase: Interrupted fetching embedded resources
java.lang.InterruptedException: null
	at java.util.concurrent.locks.AbstractQueuedSynchronizer$ConditionObject.reportInterruptAfterWait(Unknown Source) ~[?:1.8.0_261]
	at java.util.concurrent.locks.AbstractQueuedSynchronizer$ConditionObject.await(Unknown Source) ~[?:1.8.0_261]
	at java.util.concurrent.LinkedBlockingQueue.take(Unknown Source) ~[?:1.8.0_261]
	at java.util.concurrent.ExecutorCompletionService.take(Unknown Source) ~[?:1.8.0_261]
	at org.apache.jmeter.protocol.http.sampler.ResourcesDownloader.invokeAllAndAwaitTermination(ResourcesDownloader.java:186) ~[ApacheJMeter_http.jar:5.3]
	at org.apache.jmeter.protocol.http.sampler.HTTPSamplerBase.downloadPageResources(HTTPSamplerBase.java:1435) [ApacheJMeter_http.jar:5.3]
	at org.apache.jmeter.protocol.http.sampler.HTTPSamplerBase.resultProcessing(HTTPSamplerBase.java:1748) [ApacheJMeter_http.jar:5.3]
	at org.apache.jmeter.protocol.http.sampler.HTTPAbstractImpl.resultProcessing(HTTPAbstractImpl.java:555) [ApacheJMeter_http.jar:5.3]
	at org.apache.jmeter.protocol.http.sampler.HTTPHC4Impl.sample(HTTPHC4Impl.java:728) [ApacheJMeter_http.jar:5.3]
	at org.apache.jmeter.protocol.http.sampler.HTTPSamplerProxy.sample(HTTPSamplerProxy.java:66) [ApacheJMeter_http.jar:5.3]
	at org.apache.jmeter.protocol.http.sampler.HTTPSamplerBase.followRedirects(HTTPSamplerBase.java:1633) [ApacheJMeter_http.jar:5.3]
	at org.apache.jmeter.protocol.http.sampler.HTTPSamplerBase.resultProcessing(HTTPSamplerBase.java:1727) [ApacheJMeter_http.jar:5.3]
	at org.apache.jmeter.protocol.http.sampler.HTTPAbstractImpl.resultProcessing(HTTPAbstractImpl.java:555) [ApacheJMeter_http.jar:5.3]
	at org.apache.jmeter.protocol.http.sampler.HTTPHC4Impl.sample(HTTPHC4Impl.java:728) [ApacheJMeter_http.jar:5.3]
	at org.apache.jmeter.protocol.http.sampler.HTTPSamplerProxy.sample(HTTPSamplerProxy.java:66) [ApacheJMeter_http.jar:5.3]
	at org.apache.jmeter.protocol.http.sampler.HTTPSamplerBase.sample(HTTPSamplerBase.java:1281) [ApacheJMeter_http.jar:5.3]
	at org.apache.jmeter.protocol.http.sampler.HTTPSamplerBase.sample(HTTPSamplerBase.java:1270) [ApacheJMeter_http.jar:5.3]
	at org.apache.jmeter.threads.JMeterThread.doSampling(JMeterThread.java:630) [ApacheJMeter_core.jar:5.3]
	at org.apache.jmeter.threads.JMeterThread.executeSamplePackage(JMeterThread.java:558) [ApacheJMeter_core.jar:5.3]
	at org.apache.jmeter.threads.JMeterThread.processSampler(JMeterThread.java:489) [ApacheJMeter_core.jar:5.3]
	at org.apache.jmeter.threads.JMeterThread.run(JMeterThread.java:256) [ApacheJMeter_core.jar:5.3]
	at java.lang.Thread.run(Unknown Source) [?:1.8.0_261]
2021-04-04 10:28:01,417 INFO o.a.j.t.JMeterThread: Thread finished: Thread Group 1-1
2021-04-04 10:28:01,421 INFO o.a.j.e.StandardJMeterEngine: Notifying test listeners of end of test
2021-04-04 10:28:01,421 INFO o.a.j.g.u.JMeterMenuBar: setRunning(false, *local*)
2021-04-04 10:28:03,374 INFO o.a.j.e.StandardJMeterEngine: Running the test!
2021-04-04 10:28:03,375 INFO o.a.j.s.SampleEvent: List of sample_variables: []
2021-04-04 10:28:03,376 INFO o.a.j.g.u.JMeterMenuBar: setRunning(true, *local*)
2021-04-04 10:28:03,466 INFO o.a.j.e.StandardJMeterEngine: Starting ThreadGroup: 1 : Thread Group
2021-04-04 10:28:03,466 INFO o.a.j.e.StandardJMeterEngine: Starting 1 threads for group Thread Group.
2021-04-04 10:28:03,466 INFO o.a.j.e.StandardJMeterEngine: Thread will continue on error
2021-04-04 10:28:03,467 INFO o.a.j.t.ThreadGroup: Starting thread group... number=1 threads=1 ramp-up=1 delayedStart=false
2021-04-04 10:28:03,469 INFO o.a.j.t.ThreadGroup: Started thread group number 1
2021-04-04 10:28:03,469 INFO o.a.j.e.StandardJMeterEngine: All thread groups have been started
2021-04-04 10:28:03,471 INFO o.a.j.t.JMeterThread: Thread started: Thread Group 1-1
2021-04-04 10:30:17,461 INFO o.a.j.g.a.Start: Stopping test
2021-04-04 10:30:17,469 INFO o.a.j.t.JMeterThread: Stopping: Thread Group 1-1
2021-04-04 10:30:17,469 WARN o.a.j.t.JMeterThread: The delay timer was interrupted - probably did not wait as long as intended.
2021-04-04 10:30:17,469 INFO o.a.j.t.JMeterThread: Thread finished: Thread Group 1-1
2021-04-04 10:30:17,471 INFO o.a.j.e.StandardJMeterEngine: Notifying test listeners of end of test
2021-04-04 10:30:17,471 INFO o.a.j.g.u.JMeterMenuBar: setRunning(false, *local*)
2021-04-04 10:30:19,965 INFO o.a.j.e.StandardJMeterEngine: Running the test!
2021-04-04 10:30:19,966 INFO o.a.j.s.SampleEvent: List of sample_variables: []
2021-04-04 10:30:19,967 INFO o.a.j.g.u.JMeterMenuBar: setRunning(true, *local*)
2021-04-04 10:30:19,978 INFO o.a.j.e.StandardJMeterEngine: Starting ThreadGroup: 1 : Thread Group
2021-04-04 10:30:19,979 INFO o.a.j.e.StandardJMeterEngine: Starting 1 threads for group Thread Group.
2021-04-04 10:30:19,979 INFO o.a.j.e.StandardJMeterEngine: Thread will continue on error
2021-04-04 10:30:19,979 INFO o.a.j.t.ThreadGroup: Starting thread group... number=1 threads=1 ramp-up=1 delayedStart=false
2021-04-04 10:30:19,980 INFO o.a.j.t.ThreadGroup: Started thread group number 1
2021-04-04 10:30:19,980 INFO o.a.j.e.StandardJMeterEngine: All thread groups have been started
2021-04-04 10:30:19,982 INFO o.a.j.t.JMeterThread: Thread started: Thread Group 1-1
2021-04-04 10:35:45,621 INFO o.a.j.t.JMeterThread: Thread is done: Thread Group 1-1
2021-04-04 10:35:45,622 INFO o.a.j.t.JMeterThread: Thread finished: Thread Group 1-1
2021-04-04 10:35:45,623 INFO o.a.j.e.StandardJMeterEngine: Notifying test listeners of end of test
2021-04-04 10:35:45,623 INFO o.a.j.g.u.JMeterMenuBar: setRunning(false, *local*)
